Using pre-set license
Built from '2023.2/staging' branch; Version is '2023.2.20f1 (0e25a174756c) revision 927137'; Using compiler version '193431935'; Build Type 'Release'
OS: 'Windows 11  (10.0.26200) 64bit Enterprise' Language: 'en' Physical Memory: 32454 MB
BatchMode: 1, IsHumanControllingUs: 0, StartBugReporterOnCrash: 0, Is64bit: 1, IsPro: 1

COMMAND LINE ARGUMENTS:
C:\Program Files\Unity 2023.2.20f1\Editor\Unity.exe
-adb2
-batchMode
-noUpm
-name
AssetImportWorker0
-projectPath
C:/Users/s115456/source/repos/Cubethon
-logFile
Logs/AssetImportWorker0.log
-srvPort
57805
-job-worker-count
9
-background-job-worker-count
8
-asset-garbage-collectors
1
Successfully changed project path to: C:/Users/s115456/source/repos/Cubethon
C:/Users/s115456/source/repos/Cubethon
[UnityMemory] Configuration Parameters - Can be set up in boot.config
    "memorysetup-bucket-allocator-granularity=16"
    "memorysetup-bucket-allocator-bucket-count=8"
    "memorysetup-bucket-allocator-block-size=33554432"
    "memorysetup-bucket-allocator-block-count=8"
    "memorysetup-main-allocator-block-size=16777216"
    "memorysetup-thread-allocator-block-size=16777216"
    "memorysetup-gfx-main-allocator-block-size=16777216"
    "memorysetup-gfx-thread-allocator-block-size=16777216"
    "memorysetup-cache-allocator-block-size=4194304"
    "memorysetup-typetree-allocator-block-size=2097152"
    "memorysetup-profiler-bucket-allocator-granularity=16"
    "memorysetup-profiler-bucket-allocator-bucket-count=8"
    "memorysetup-profiler-bucket-allocator-block-size=33554432"
    "memorysetup-profiler-bucket-allocator-block-count=8"
    "memorysetup-profiler-allocator-block-size=16777216"
    "memorysetup-profiler-editor-allocator-block-size=1048576"
    "memorysetup-temp-allocator-size-main=16777216"
    "memorysetup-job-temp-allocator-block-size=2097152"
    "memorysetup-job-temp-allocator-block-size-background=1048576"
    "memorysetup-job-temp-allocator-reduction-small-platforms=262144"
    "memorysetup-allocator-temp-initial-block-size-main=262144"
    "memorysetup-allocator-temp-initial-block-size-worker=262144"
    "memorysetup-temp-allocator-size-background-worker=32768"
    "memorysetup-temp-allocator-size-job-worker=262144"
    "memorysetup-temp-allocator-size-preload-manager=33554432"
    "memorysetup-temp-allocator-size-nav-mesh-worker=65536"
    "memorysetup-temp-allocator-size-audio-worker=65536"
    "memorysetup-temp-allocator-size-cloud-worker=32768"
    "memorysetup-temp-allocator-size-gi-baking-worker=262144"
    "memorysetup-temp-allocator-size-gi-baking-worker=262144"
    "memorysetup-temp-allocator-size-gi-baking-worker=262144"
    "memorysetup-temp-allocator-size-gi-baking-worker=262144"
    "memorysetup-temp-allocator-size-gfx=262144"
Player connection [19424] Host "[IP] 10.20.9.146 [Port] 0 [Flags] 2 [Guid] 2722526661 [EditorId] 2722526661 [Version] 1048832 [Id] WindowsEditor(7,LTHD204s4VKPK84) [Debug] 1 [PackageName] WindowsEditor [ProjectName] Editor" joined multi-casting on [225.0.0.222:54997]...
Player connection [19424] Host "[IP] 10.20.9.146 [Port] 0 [Flags] 2 [Guid] 2722526661 [EditorId] 2722526661 [Version] 1048832 [Id] WindowsEditor(7,LTHD204s4VKPK84) [Debug] 1 [PackageName] WindowsEditor [ProjectName] Editor" joined alternative multi-casting on [225.0.0.222:34997]...
JobSystem: Creating JobQueue using job-worker-count value 9
[Physics::Module] Initialized MultithreadedJobDispatcher with 9 workers.
Library Redirect Path: Library/
Refreshing native plugins compatible for Editor in 1.22 ms, found 3 plugins.
Preloading 0 native plugins for Editor in 0.00 ms.
Initialize engine version: 2023.2.20f1 (0e25a174756c)
[Subsystems] Discovering subsystems at path C:/Program Files/Unity 2023.2.20f1/Editor/Data/Resources/UnitySubsystems
[Subsystems] Discovering subsystems at path C:/Users/s115456/source/repos/Cubethon/Assets
GfxDevice: creating device client; kGfxThreadingModeNonThreaded
Direct3D:
    Version:  Direct3D 11.0 [level 11.1]
    Renderer: AMD Radeon RX 6500 (ID=0x743f)
    Vendor:   ATI
    VRAM:     4055 MB
    Driver:   32.0.21028.21
Initialize mono
Mono path[0] = 'C:/Program Files/Unity 2023.2.20f1/Editor/Data/Managed'
Mono path[1] = 'C:/Program Files/Unity 2023.2.20f1/Editor/Data/MonoBleedingEdge/lib/mono/unityjit-win32'
Mono config path = 'C:/Program Files/Unity 2023.2.20f1/Editor/Data/MonoBleedingEdge/etc'
Using monoOptions --debugger-agent=transport=dt_socket,embedding=1,server=y,suspend=n,address=127.0.0.1:56896
Begin MonoManager ReloadAssembly
Registering precompiled unity dll's ...
Register platform support module: C:/Program Files/Unity 2023.2.20f1/Editor/Data/PlaybackEngines/WindowsStandaloneSupport/UnityEditor.WindowsStandalone.Extensions.dll
Registered in 0.003084 seconds.
- Loaded All Assemblies, in  0.300 seconds
Native extension for WindowsStandalone target not found
Mono: successfully reloaded assembly
- Finished resetting the current domain, in  0.219 seconds
Domain Reload Profiling: 516ms
	BeginReloadAssembly (101ms)
		ExecutionOrderSort (0ms)
		DisableScriptedObjects (0ms)
		BackupInstance (0ms)
		ReleaseScriptingObjects (0ms)
		CreateAndSetChildDomain (1ms)
	RebuildCommonClasses (26ms)
	RebuildNativeTypeToScriptingClass (8ms)
	initialDomainReloadingComplete (39ms)
	LoadAllAssembliesAndSetupDomain (122ms)
		LoadAssemblies (97ms)
		RebuildTransferFunctionScriptingTraits (0ms)
		AnalyzeDomain (120ms)
			TypeCache.Refresh (119ms)
				TypeCache.ScanAssembly (109ms)
			BuildScriptInfoCaches (0ms)
			ResolveRequiredComponents (0ms)
	FinalizeReload (219ms)
		ReleaseScriptCaches (0ms)
		RebuildScriptCaches (0ms)
		SetupLoadedEditorAssemblies (184ms)
			LogAssemblyErrors (0ms)
			InitializePlatformSupportModulesInManaged (8ms)
			SetLoadedEditorAssemblies (4ms)
			BeforeProcessingInitializeOnLoad (3ms)
			ProcessInitializeOnLoadAttributes (131ms)
			ProcessInitializeOnLoadMethodAttributes (37ms)
			AfterProcessingInitializeOnLoad (0ms)
			EditorAssembliesLoaded (0ms)
		ExecutionOrderSort2 (0ms)
		AwakeInstancesAfterBackupRestoration (0ms)
========================================================================
Worker process is ready to serve import requests
Import Worker Mode flag is 0x00
Begin MonoManager ReloadAssembly
Symbol file LoadedFromMemory doesn't match image C:\Users\s115456\source\repos\Cubethon\Library\PackageCache\com.unity.visualscripting@1.8.0\Editor\VisualScripting.Core\Dependencies\YamlDotNet\Unity.VisualScripting.YamlDotNet.dll
Symbol file LoadedFromMemory doesn't match image C:\Users\s115456\source\repos\Cubethon\Library\PackageCache\com.unity.visualscripting@1.8.0\Editor\VisualScripting.Core\Dependencies\DotNetZip\Unity.VisualScripting.IonicZip.dll
- Loaded All Assemblies, in  0.646 seconds
Refreshing native plugins compatible for Editor in 0.78 ms, found 3 plugins.
Native extension for WindowsStandalone target not found
Mono: successfully reloaded assembly
- Finished resetting the current domain, in  0.431 seconds
Domain Reload Profiling: 1072ms
	BeginReloadAssembly (282ms)
		ExecutionOrderSort (0ms)
		DisableScriptedObjects (4ms)
		BackupInstance (0ms)
		ReleaseScriptingObjects (0ms)
		CreateAndSetChildDomain (20ms)
	RebuildCommonClasses (26ms)
	RebuildNativeTypeToScriptingClass (8ms)
	initialDomainReloadingComplete (30ms)
	LoadAllAssembliesAndSetupDomain (294ms)
		LoadAssemblies (248ms)
		RebuildTransferFunctionScriptingTraits (0ms)
		AnalyzeDomain (121ms)
			TypeCache.Refresh (104ms)
				TypeCache.ScanAssembly (95ms)
			BuildScriptInfoCaches (13ms)
			ResolveRequiredComponents (2ms)
	FinalizeReload (432ms)
		ReleaseScriptCaches (0ms)
		RebuildScriptCaches (0ms)
		SetupLoadedEditorAssemblies (293ms)
			LogAssemblyErrors (0ms)
			InitializePlatformSupportModulesInManaged (2ms)
			SetLoadedEditorAssemblies (2ms)
			BeforeProcessingInitializeOnLoad (29ms)
			ProcessInitializeOnLoadAttributes (237ms)
			ProcessInitializeOnLoadMethodAttributes (17ms)
			AfterProcessingInitializeOnLoad (6ms)
			EditorAssembliesLoaded (0ms)
		ExecutionOrderSort2 (0ms)
		AwakeInstancesAfterBackupRestoration (11ms)
Launched and connected shader compiler UnityShaderCompiler.exe after 0.02 seconds
Refreshing native plugins compatible for Editor in 1.11 ms, found 3 plugins.
Preloading 0 native plugins for Editor in 0.00 ms.
Unloading 25 Unused Serialized files (Serialized files now loaded: 0)
Unloading 3370 unused Assets / (1.1 MB). Loaded Objects now: 3957.
Memory consumption went from 108.9 MB to 107.7 MB.
Total: 4.370700 ms (FindLiveObjects: 0.215900 ms CreateObjectMapping: 0.112300 ms MarkObjects: 3.206100 ms  DeleteObjects: 0.835400 ms)

========================================================================
Received Import Request.
  Time since last request: 1037.957590 seconds.
  path: Assets/TextMesh Pro/Resources/Fonts & Materials/JetBrainsMono-Thin SDF.asset
  artifactKey: Guid(5828d459ba5d10f4cba23e4362100c6b) Importer(815301076,1909f56bfc062723c751e8b465ee728b)
Start importing Assets/TextMesh Pro/Resources/Fonts & Materials/JetBrainsMono-Thin SDF.asset using Guid(5828d459ba5d10f4cba23e4362100c6b) Importer(815301076,1909f56bfc062723c751e8b465ee728b) (PreviewImporter) -> (artifact id: 'fef04f449b3c6a279b2f5baaaa7c3968') in 0.0822233 seconds
Number of updated asset objects reloaded before import = 0Number of asset objects unloaded after import = 6

========================================================================
Received Import Request.
  Time since last request: 25.646176 seconds.
  path: Assets/Fonts
  artifactKey: Guid(337ed50b26febe14fb2fc52e160fc609) Importer(815301076,1909f56bfc062723c751e8b465ee728b)
Start importing Assets/Fonts using Guid(337ed50b26febe14fb2fc52e160fc609) Importer(815301076,1909f56bfc062723c751e8b465ee728b) (PreviewImporter) -> (artifact id: '61ffc26a30402bbe7a6720326ca22ed3') in 0.0006222 seconds
Number of updated asset objects reloaded before import = 0Number of asset objects unloaded after import = 0

========================================================================
Received Import Request.
  Time since last request: 27.465056 seconds.
  path: Assets/Fonts/JetBrainsMono-Bold.ttf
  artifactKey: Guid(282e840d3d5499347b99f87081a0759a) Importer(815301076,1909f56bfc062723c751e8b465ee728b)
Start importing Assets/Fonts/JetBrainsMono-Bold.ttf using Guid(282e840d3d5499347b99f87081a0759a) Importer(815301076,1909f56bfc062723c751e8b465ee728b) (PreviewImporter) -> (artifact id: '6381ad2c174a35c76f28438ad4fffc11') in 0.0328609 seconds
Number of updated asset objects reloaded before import = 0Number of asset objects unloaded after import = 4

========================================================================
Received Import Request.
  Time since last request: 0.015384 seconds.
  path: Assets/Fonts/JetBrainsMono-ExtraLightItalic.ttf
  artifactKey: Guid(01959232394d8804c829b5faa9c94ecf) Importer(815301076,1909f56bfc062723c751e8b465ee728b)
Start importing Assets/Fonts/JetBrainsMono-ExtraLightItalic.ttf using Guid(01959232394d8804c829b5faa9c94ecf) Importer(815301076,1909f56bfc062723c751e8b465ee728b) (PreviewImporter) -> (artifact id: 'de4eeccb047d6e136bc722a6d9daa411') in 0.0088331 seconds
Number of updated asset objects reloaded before import = 0Number of asset objects unloaded after import = 4

========================================================================
Received Import Request.
  Time since last request: 0.011287 seconds.
  path: Assets/Fonts/JetBrainsMono-Italic.ttf
  artifactKey: Guid(0c8173089036a334d9c61999d930bcda) Importer(815301076,1909f56bfc062723c751e8b465ee728b)
Start importing Assets/Fonts/JetBrainsMono-Italic.ttf using Guid(0c8173089036a334d9c61999d930bcda) Importer(815301076,1909f56bfc062723c751e8b465ee728b) (PreviewImporter) -> (artifact id: '01617e09378e9b5417d5d1f0a112ca3d') in 0.0110478 seconds
Number of updated asset objects reloaded before import = 0Number of asset objects unloaded after import = 4

========================================================================
Received Import Request.
  Time since last request: 0.000022 seconds.
  path: Assets/Fonts/JetBrainsMono-SemiBoldItalic.ttf
  artifactKey: Guid(20ef8a7ea9280024d9c337c0d70b117c) Importer(815301076,1909f56bfc062723c751e8b465ee728b)
Start importing Assets/Fonts/JetBrainsMono-SemiBoldItalic.ttf using Guid(20ef8a7ea9280024d9c337c0d70b117c) Importer(815301076,1909f56bfc062723c751e8b465ee728b) (PreviewImporter) -> (artifact id: 'dad75562ffc490fe17c17f677c1504ae') in 0.014258 seconds
Number of updated asset objects reloaded before import = 0Number of asset objects unloaded after import = 4

========================================================================
Received Import Request.
  Time since last request: 0.000025 seconds.
  path: Assets/Fonts/JetBrainsMono-Light.ttf
  artifactKey: Guid(40623da7e18a3d849a3a06a6bbb1fa0b) Importer(815301076,1909f56bfc062723c751e8b465ee728b)
Start importing Assets/Fonts/JetBrainsMono-Light.ttf using Guid(40623da7e18a3d849a3a06a6bbb1fa0b) Importer(815301076,1909f56bfc062723c751e8b465ee728b) (PreviewImporter) -> (artifact id: '587b899a394aa70bb090ba8ab59357fc') in 0.0142785 seconds
Number of updated asset objects reloaded before import = 0Number of asset objects unloaded after import = 4

========================================================================
Received Import Request.
  Time since last request: 0.000047 seconds.
  path: Assets/Fonts/JetBrainsMono-MediumItalic.ttf
  artifactKey: Guid(bbacd03edab1646499366c790ce1bb80) Importer(815301076,1909f56bfc062723c751e8b465ee728b)
Start importing Assets/Fonts/JetBrainsMono-MediumItalic.ttf using Guid(bbacd03edab1646499366c790ce1bb80) Importer(815301076,1909f56bfc062723c751e8b465ee728b) (PreviewImporter) -> (artifact id: 'fa69e138fa26694fa0a5ea13fadbb3e9') in 0.011247 seconds
Number of updated asset objects reloaded before import = 0Number of asset objects unloaded after import = 4

========================================================================
Received Import Request.
  Time since last request: 0.000014 seconds.
  path: Assets/Fonts/JetBrainsMono-Regular.ttf
  artifactKey: Guid(6cae4d1ee7a30244cbca60528e43c43b) Importer(815301076,1909f56bfc062723c751e8b465ee728b)
Start importing Assets/Fonts/JetBrainsMono-Regular.ttf using Guid(6cae4d1ee7a30244cbca60528e43c43b) Importer(815301076,1909f56bfc062723c751e8b465ee728b) (PreviewImporter) -> (artifact id: '865539979b5c5c730542fb39afa6d936') in 0.0120904 seconds
Number of updated asset objects reloaded before import = 0Number of asset objects unloaded after import = 4

========================================================================
Received Import Request.
  Time since last request: 0.000019 seconds.
  path: Assets/Fonts/JetBrainsMono-ExtraBold.ttf
  artifactKey: Guid(89643a172ecf24942bf60dca6d8a3c02) Importer(815301076,1909f56bfc062723c751e8b465ee728b)
Start importing Assets/Fonts/JetBrainsMono-ExtraBold.ttf using Guid(89643a172ecf24942bf60dca6d8a3c02) Importer(815301076,1909f56bfc062723c751e8b465ee728b) (PreviewImporter) -> (artifact id: '6b8aa342403286b56979f9a17a28c003') in 0.011778 seconds
Number of updated asset objects reloaded before import = 0Number of asset objects unloaded after import = 4

========================================================================
Received Import Request.
  Time since last request: 0.000039 seconds.
  path: Assets/Fonts/JetBrainsMono-ThinItalic.ttf
  artifactKey: Guid(391002ac67094a3439ee28ab717752c2) Importer(815301076,1909f56bfc062723c751e8b465ee728b)
Start importing Assets/Fonts/JetBrainsMono-ThinItalic.ttf using Guid(391002ac67094a3439ee28ab717752c2) Importer(815301076,1909f56bfc062723c751e8b465ee728b) (PreviewImporter) -> (artifact id: '1c0bc7e97540fd5342d64007990970db') in 0.0106674 seconds
Number of updated asset objects reloaded before import = 0Number of asset objects unloaded after import = 4

========================================================================
Received Import Request.
  Time since last request: 0.000049 seconds.
  path: Assets/Fonts/JetBrainsMono-SemiBold.ttf
  artifactKey: Guid(2061d0a279a6fcd40acc6eb0281adf7f) Importer(815301076,1909f56bfc062723c751e8b465ee728b)
Start importing Assets/Fonts/JetBrainsMono-SemiBold.ttf using Guid(2061d0a279a6fcd40acc6eb0281adf7f) Importer(815301076,1909f56bfc062723c751e8b465ee728b) (PreviewImporter) -> (artifact id: '744d7188a776e16ef749bbac213c6238') in 0.0151545 seconds
Number of updated asset objects reloaded before import = 0Number of asset objects unloaded after import = 4

========================================================================
Received Import Request.
  Time since last request: 0.000024 seconds.
  path: Assets/Fonts/JetBrainsMono-ExtraLight.ttf
  artifactKey: Guid(44a1236c1aca0a643926f15962e0fda9) Importer(815301076,1909f56bfc062723c751e8b465ee728b)
Start importing Assets/Fonts/JetBrainsMono-ExtraLight.ttf using Guid(44a1236c1aca0a643926f15962e0fda9) Importer(815301076,1909f56bfc062723c751e8b465ee728b) (PreviewImporter) -> (artifact id: '78f73a92d9e7b360ff039e721c03d158') in 0.0120062 seconds
Number of updated asset objects reloaded before import = 0Number of asset objects unloaded after import = 4

========================================================================
Received Import Request.
  Time since last request: 9.233285 seconds.
  path: Assets/Fonts/JetBrainsMono-ExtraBold SDF.asset
  artifactKey: Guid(e1f7b3376bf0a4245ac203abb1052e37) Importer(815301076,1909f56bfc062723c751e8b465ee728b)
Start importing Assets/Fonts/JetBrainsMono-ExtraBold SDF.asset using Guid(e1f7b3376bf0a4245ac203abb1052e37) Importer(815301076,1909f56bfc062723c751e8b465ee728b) (PreviewImporter) -> (artifact id: 'ed4df3693b19ed8fe0a4943cad5829dc') in 0.0102435 seconds
Number of updated asset objects reloaded before import = 0Number of asset objects unloaded after import = 6

========================================================================
Received Import Request.
  Time since last request: 0.000016 seconds.
  path: Assets/Fonts/JetBrainsMono-LightItalic SDF.asset
  artifactKey: Guid(7b3c9e0b095890c4390305a1ca2ef065) Importer(815301076,1909f56bfc062723c751e8b465ee728b)
Start importing Assets/Fonts/JetBrainsMono-LightItalic SDF.asset using Guid(7b3c9e0b095890c4390305a1ca2ef065) Importer(815301076,1909f56bfc062723c751e8b465ee728b) (PreviewImporter) -> (artifact id: '9a0738bee0a8845a909000a46e8de331') in 0.00781 seconds
Number of updated asset objects reloaded before import = 0Number of asset objects unloaded after import = 6

========================================================================
Received Import Request.
  Time since last request: 0.000018 seconds.
  path: Assets/Fonts/JetBrainsMono-Light SDF.asset
  artifactKey: Guid(426513360e0f5574a99b12da0827aeb5) Importer(815301076,1909f56bfc062723c751e8b465ee728b)
Start importing Assets/Fonts/JetBrainsMono-Light SDF.asset using Guid(426513360e0f5574a99b12da0827aeb5) Importer(815301076,1909f56bfc062723c751e8b465ee728b) (PreviewImporter) -> (artifact id: '5aa16d123416e2cff25eb7b72ec8b527') in 0.0085345 seconds
Number of updated asset objects reloaded before import = 0Number of asset objects unloaded after import = 6

========================================================================
Received Import Request.
  Time since last request: 0.000013 seconds.
  path: Assets/Fonts/JetBrainsMono-Regular SDF.asset
  artifactKey: Guid(01fc8a3d3faff764e866551b075ae842) Importer(815301076,1909f56bfc062723c751e8b465ee728b)
Start importing Assets/Fonts/JetBrainsMono-Regular SDF.asset using Guid(01fc8a3d3faff764e866551b075ae842) Importer(815301076,1909f56bfc062723c751e8b465ee728b) (PreviewImporter) -> (artifact id: '2a6e81cf87a523a7b139a73723ed4f85') in 0.0081268 seconds
Number of updated asset objects reloaded before import = 0Number of asset objects unloaded after import = 6

========================================================================
Received Import Request.
  Time since last request: 0.000020 seconds.
  path: Assets/Fonts/JetBrainsMono-ExtraLightItalic SDF.asset
  artifactKey: Guid(9749c445449f62449b5ec54a77e6dee7) Importer(815301076,1909f56bfc062723c751e8b465ee728b)
Start importing Assets/Fonts/JetBrainsMono-ExtraLightItalic SDF.asset using Guid(9749c445449f62449b5ec54a77e6dee7) Importer(815301076,1909f56bfc062723c751e8b465ee728b) (PreviewImporter) -> (artifact id: '0114317655715373969adbf6063efdcc') in 0.0076016 seconds
Number of updated asset objects reloaded before import = 0Number of asset objects unloaded after import = 6

========================================================================
Received Import Request.
  Time since last request: 0.000015 seconds.
  path: Assets/Fonts/JetBrainsMono-MediumItalic SDF.asset
  artifactKey: Guid(0d1bcec21a1704b4582213c5b56e6796) Importer(815301076,1909f56bfc062723c751e8b465ee728b)
Start importing Assets/Fonts/JetBrainsMono-MediumItalic SDF.asset using Guid(0d1bcec21a1704b4582213c5b56e6796) Importer(815301076,1909f56bfc062723c751e8b465ee728b) (PreviewImporter) -> (artifact id: 'b094b1fe1becbe62eed4f57c8e694ebd') in 0.0079011 seconds
Number of updated asset objects reloaded before import = 0Number of asset objects unloaded after import = 6

========================================================================
Received Import Request.
  Time since last request: 0.000017 seconds.
  path: Assets/Fonts/JetBrainsMono-Thin SDF.asset
  artifactKey: Guid(6f098a558c77d6845a579ad0485f744c) Importer(815301076,1909f56bfc062723c751e8b465ee728b)
Start importing Assets/Fonts/JetBrainsMono-Thin SDF.asset using Guid(6f098a558c77d6845a579ad0485f744c) Importer(815301076,1909f56bfc062723c751e8b465ee728b) (PreviewImporter) -> (artifact id: '6aed486f46d65c4a36679e55be13bb3f') in 0.0086734 seconds
Number of updated asset objects reloaded before import = 0Number of asset objects unloaded after import = 6

========================================================================
Received Prepare
Refreshing native plugins compatible for Editor in 0.78 ms, found 3 plugins.
Preloading 0 native plugins for Editor in 0.00 ms.
Unloading 0 Unused Serialized files (Serialized files now loaded: 0)
Unloading 3361 unused Assets / (0.7 MB). Loaded Objects now: 4005.
Memory consumption went from 103.3 MB to 102.6 MB.
Total: 4.612800 ms (FindLiveObjects: 0.250900 ms CreateObjectMapping: 0.139100 ms MarkObjects: 3.624100 ms  DeleteObjects: 0.597700 ms)

Prepare: number of updated asset objects reloaded= 0
========================================================================
Received Prepare
Begin MonoManager ReloadAssembly
Symbol file LoadedFromMemory doesn't match image C:\Users\s115456\source\repos\Cubethon\Library\PackageCache\com.unity.visualscripting@1.8.0\Editor\VisualScripting.Core\Dependencies\YamlDotNet\Unity.VisualScripting.YamlDotNet.dll
Symbol file LoadedFromMemory doesn't match image C:\Users\s115456\source\repos\Cubethon\Library\PackageCache\com.unity.visualscripting@1.8.0\Editor\VisualScripting.Core\Dependencies\DotNetZip\Unity.VisualScripting.IonicZip.dll
- Loaded All Assemblies, in  0.624 seconds
Refreshing native plugins compatible for Editor in 0.89 ms, found 3 plugins.
Native extension for WindowsStandalone target not found
Mono: successfully reloaded assembly
- Finished resetting the current domain, in  0.469 seconds
Domain Reload Profiling: 1091ms
	BeginReloadAssembly (214ms)
		ExecutionOrderSort (0ms)
		DisableScriptedObjects (5ms)
		BackupInstance (0ms)
		ReleaseScriptingObjects (0ms)
		CreateAndSetChildDomain (44ms)
	RebuildCommonClasses (35ms)
	RebuildNativeTypeToScriptingClass (15ms)
	initialDomainReloadingComplete (31ms)
	LoadAllAssembliesAndSetupDomain (327ms)
		LoadAssemblies (349ms)
		RebuildTransferFunctionScriptingTraits (0ms)
		AnalyzeDomain (96ms)
			TypeCache.Refresh (8ms)
				TypeCache.ScanAssembly (1ms)
			BuildScriptInfoCaches (81ms)
			ResolveRequiredComponents (2ms)
	FinalizeReload (470ms)
		ReleaseScriptCaches (0ms)
		RebuildScriptCaches (0ms)
		SetupLoadedEditorAssemblies (320ms)
			LogAssemblyErrors (0ms)
			InitializePlatformSupportModulesInManaged (2ms)
			SetLoadedEditorAssemblies (2ms)
			BeforeProcessingInitializeOnLoad (41ms)
			ProcessInitializeOnLoadAttributes (256ms)
			ProcessInitializeOnLoadMethodAttributes (12ms)
			AfterProcessingInitializeOnLoad (6ms)
			EditorAssembliesLoaded (0ms)
		ExecutionOrderSort2 (0ms)
		AwakeInstancesAfterBackupRestoration (16ms)
Refreshing native plugins compatible for Editor in 0.90 ms, found 3 plugins.
Preloading 0 native plugins for Editor in 0.00 ms.
Unloading 2 Unused Serialized files (Serialized files now loaded: 0)
Unloading 3369 unused Assets / (0.8 MB). Loaded Objects now: 4005.
Memory consumption went from 106.6 MB to 105.8 MB.
Total: 6.033500 ms (FindLiveObjects: 0.508800 ms CreateObjectMapping: 0.099400 ms MarkObjects: 4.600600 ms  DeleteObjects: 0.823100 ms)

Prepare: number of updated asset objects reloaded= 0
Editor requested this worker to shutdown with reason: Scaling down because of idle timeout
AssetImportWorkerClient::OnTransportError - code=2 error=End of file
AssetImportWorker is now disconnected from the server
Process exiting
Exiting without the bug reporter. Application will terminate with return code 0